123 456 is illegal.
2.2.2. is illegal.
.2 is illegal.
. is illegal.
2.e1 is illegal.
1e+2.2 is illegal.
-e3 is illegal.
12.34e45E45 is illegal.
1.2 is legal.
 is illegal.
100 is illegal.
100.4e34.8 is illegal.
1.2e+45 is legal.
1.2e+4      5 is illegal.
++56.90 is illegal.
+0.00 is legal.
*45 is illegal.
1 is illegal.
1. is illegal.
1.2 is legal.
+1 is illegal.
+1. is illegal.
+1.2 is legal.
-1 is illegal.
-1. is illegal.
-1.2 is legal.
1e is illegal.
1.e is illegal.
1.2e is illegal.
+1e is illegal.
+1.e is illegal.
+1.2e is illegal.
-1e is illegal.
-1.e is illegal.
-1.2e is illegal.
1e1 is legal.
1.e1 is illegal.
1.2e2 is legal.
+1e3 is legal.
+1.e4 is illegal.
+1.2e5 is legal.
-1e6 is legal.
-1.e7 is illegal.
-1.2e8 is legal.
1e+1 is legal.
1.e+1 is illegal.
1.2e+2 is legal.
+1e+3 is legal.
+1.e+4 is illegal.
+1.2e+5 is legal.
-1e+6 is legal.
-1.e+7 is illegal.
-1.2e+8 is legal.
1e-1 is legal.
1.e-2 is illegal.
1.2e-3 is legal.
+1e-4 is legal.
+1.e-5 is illegal.
+1.2e-6 is legal.
-1e-7 is legal.
-1.e-8 is illegal.
-1.2e-9 is legal.
1e+1. is illegal.
1.e+1. is illegal.
1.2e+1. is illegal.
+1e+1. is illegal.
+1.e+1. is illegal.
+1.2e+1. is illegal.
-1e+1. is illegal.
-1.e+1. is illegal.
-1.2e+1. is illegal.
1e-1. is illegal.
1.e-1. is illegal.
1.2e-1. is illegal.
+1e-1. is illegal.
+1.e-1. is illegal.
+1.2e-1. is illegal.
-1e-1. is illegal.
-1.e-1. is illegal.
-1.2e-1. is illegal.
1e+0 is legal.
1.e+01 is illegal.
1.2e+02 is legal.
+1e+1.0 is illegal.
+1.e+1.00 is illegal.
+1.2e+0.0 is illegal.
-01e+1 is legal.
-1e is illegal.
-1e0 is legal.
0e0 is legal.
1e1 is legal.
0.1e0 is legal.
1e0.0 is illegal.
0000000000000 is illegal.
0000000000000e000000000000000000000000000000000000000000000000 is legal.
00000e00000e is illegal.
e00000 is illegal.
++1e++1 is illegal.
+-1e+-3 is illegal.
-+1e-+2 is illegal.
k  s jhsfdkkjsa df  sadf s is illegal.
dsfgh sdf gk dsf is illegal.
 is illegal.
2 2 3443 457 65 is illegal.
2e3e2e2 is illegal.
+e-2 is illegal.
+2-1 is illegal.
+2e-2 is legal.
+2e+2 is legal.
-2e-1-1 is illegal.
442 is illegal.
3465374657846358634563865923569548236458263458623562835682346582364582364 is illegal.
34653746578463_5863456386592356_95482364582634586235_62835682346582364582364 is illegal.
45643856 is illegal.
4353 e 546456 is illegal.
456456e345345 is legal.
462976592798713405193549823645926395628346589236458946e4569223458726348563256238465872465876324576 is legal.
462976592798713405193549823645926395628346589236458946e4569223458726348563256238465872465876324576+ is illegal.
462976592798713405193549823645926395628346589236458946e4569223458726348563256238465872465876324576- is illegal.
+462976592798713405193549823645926395628346589236458946e4569223458726348563256238465872465876324576 is legal.
462976592798713405193549823645926395628346589236458946e+4569223458726348563256238465872465876324576 is legal.
-462976592798713405193549823645926395628346589236458946e4569223458726348563256238465872465876324576 is legal.
462976592798713405193549823645926395628346589236458946e-4569223458726348563256238465872465876324576 is legal.
+462976592798713405193549823645926395628346589236458946e-4569223458726348563256238465872465876324576 is legal.
-462976592798713405193549823645926395628346589236458946e+4569223458726348563256238465872465876324576 is legal.
12e21 is legal.
435e231e123e213 is illegal.
23e+355-14 is illegal.
+234+e234+E1234 is illegal.
3.2 is legal.
459679346834596734956739476984396739476972394571936459823645863195629384658723653245235.37563286583645162847686587436587632475 is legal.
457693476987495864364.5645634564564356e4563564564356543 is legal.
457693476987495864364.5645634564564356e+4563564564356543 is legal.
457693476987495864364.5645634564564356e-4563564564356543 is legal.
+457693476987495864364.5645634564564356e4563564564356543 is legal.
-457693476987495864364.5645634564564356e4563564564356543 is legal.
457693476987495864364.+5645634564564356e4563564564356543 is illegal.
457693476987495864364.-5645634564564356e4563564564356543 is illegal.
000040040.001200E-000000123 is legal.
1E1 is legal.
1e1 is legal.
1E is illegal.
1EE1 is illegal.
1 E1 is illegal.
.1E1 is illegal.
1E.1 is illegal.
1E1.1 is illegal.
++1E1 is illegal.
1E--1 is illegal.
1.1.1E1 is illegal.
abcd is illegal.
1 is illegal.
1.1 is legal.
0e-0 is legal.
0e-0 is legal.
E455555555   676 is illegal.
1.2 is legal.
1. is illegal.
1.0e-55 is legal.
e-12 is illegal.
6.5E is illegal.
1e-12 is legal.
+4.1234567890E-99999 is legal.
7.6e+12.5 is illegal.
99 is illegal.
 is illegal.
1E1 is legal.
1e1 is legal.
1E is illegal.
1EE1 is illegal.
1 E1 is illegal.
.1E1 is illegal.
1E.1 is illegal.
1E1.1 is illegal.
123.e123123123123123123+123123123123123123123 is illegal.
++1E1 is illegal.
1E--1 is illegal.
1.1.1E1 is illegal.
abcd is illegal.
1 is illegal.
1.1 is legal.
0e-0 is legal.
123.456+789 is illegal.
1e+ is illegal.
.1111 is illegal.
123.0e12. is illegal.
123.0e12+ is illegal.
123.0e12- is illegal.
EEEEEE is illegal.
+++++++ is illegal.
....... is illegal.
99 is illegal.
 is illegal.
++1E1 is illegal.
1E--1 is illegal.
6.2. is illegal.
-.5 is illegal.
6..2 is illegal.
1.1.1E11 is illegal.
-75- is illegal.
1E.1 is illegal.
.1E1 is illegal.
1E is illegal.
1EE1 is illegal.
1.1.1E1 is illegal.
7.6e+12.5 is illegal.
1E1.1 is illegal.
+1.5e-1  2 is illegal.
+6-4.2 is illegal.
-75E- is illegal.
-75E2- is illegal.
-3.3e-9999999999999999999999999 is legal.
 is illegal.
1.1E1 is legal.
1.0e-55 is legal.
+4.1234567890E-99999 is legal.
1.2 is legal.
1 is illegal.
1. is illegal.
123.e123123123123123123+123123123123123123123 is illegal.
0e-0 is legal.
.1E1 is illegal.
 is illegal.
-e-12 is illegal.
-1e-12 is legal.
1E1 is legal.
1e1 is legal.
5e6 is legal.
5.2     7 is illegal.
abcd is illegal.
1.2                        1.2 is illegal.
123-E12 is illegal.
123.0e12E is illegal.
5 e*6 is illegal.
 is illegal.
5 e 6 is illegal.
1 E1 is illegal.
6.5E is illegal.
e-12 is illegal.
1e-12 is legal.
1.2 is legal.
*5 is illegal.
